#
# There is insufficient memory for the Java Runtime Environment to continue.
# Native memory allocation (malloc) failed to allocate 32744 bytes for ChunkPool::allocate
# Possible reasons:
#   The system is out of physical RAM or swap space
#   The process is running with CompressedOops enabled, and the Java Heap may be blocking the growth of the native heap
# Possible solutions:
#   Reduce memory load on the system
#   Increase physical memory or swap space
#   Check if swap backing store is full
#   Decrease Java heap size (-Xmx/-Xms)
#   Decrease number of Java threads
#   Decrease Java thread stack sizes (-Xss)
#   Set larger code cache with -XX:ReservedCodeCacheSize=
#   JVM is running with Unscaled Compressed Oops mode in which the Java heap is
#     placed in the first 4GB address space. The Java Heap base address is the
#     maximum limit for the native heap growth. Please use -XX:HeapBaseMinAddress
#     to set the Java Heap base and to place the Java Heap above 4GB virtual address.
# This output file may be truncated or incomplete.
#
#  Out of Memory Error (allocation.cpp:272), pid=5924, tid=0x0000000000003394
#
# JRE version: OpenJDK Runtime Environment (8.0_242-b01) (build 1.8.0_242-release-1644-b01)
# Java VM: OpenJDK 64-Bit Server VM (25.242-b01 mixed mode windows-amd64 compressed oops)
# Failed to write core dump. Minidumps are not enabled by default on client versions of Windows
#

---------------  T H R E A D  ---------------

Current thread (0x000000001a8e9800):  JavaThread "Daemon worker" [_thread_in_vm, id=13204, stack(0x000000001d6c0000,0x000000001d7c0000)]

Stack: [0x000000001d6c0000,0x000000001d7c0000]
[error occurred during error reporting (printing stack bounds), id 0xc0000005]

Native frames: (J=compiled Java code, j=interpreted, Vv=VM code, C=native code)

Java frames: (J=compiled Java code, j=interpreted, Vv=VM code)
J 897  java.lang.ClassLoader.defineClass1(Ljava/lang/String;[BIILjava/security/ProtectionDomain;Ljava/lang/String;)Ljava/lang/Class; (0 bytes) @ 0x000000000366ff5f [0x000000000366fec0+0x9f]
J 674 C1 java.lang.ClassLoader.defineClass(Ljava/lang/String;[BIILjava/security/ProtectionDomain;)Ljava/lang/Class; (43 bytes) @ 0x00000000035adb24 [0x00000000035ad540+0x5e4]
J 618 C1 java.net.URLClassLoader.defineClass(Ljava/lang/String;Lsun/misc/Resource;)Ljava/lang/Class; (142 bytes) @ 0x000000000358f224 [0x000000000358d6c0+0x1b64]
J 548 C1 java.net.URLClassLoader$1.run()Ljava/lang/Class; (63 bytes) @ 0x000000000354a5ec [0x000000000354a320+0x2cc]
J 547 C1 java.net.URLClassLoader$1.run()Ljava/lang/Object; (5 bytes) @ 0x0000000003549f8c [0x0000000003549f00+0x8c]
v  ~StubRoutines::call_stub
J 458  java.security.AccessController.doPrivileged(Ljava/security/PrivilegedExceptionAction;Ljava/security/AccessControlContext;)Ljava/lang/Object; (0 bytes) @ 0x00000000035109a6 [0x0000000003510940+0x66]
J 1495 C2 java.net.URLClassLoader.findClass(Ljava/lang/String;)Ljava/lang/Class; (47 bytes) @ 0x00000000038323f0 [0x0000000003832360+0x90]
J 1463 C2 java.lang.ClassLoader.loadClass(Ljava/lang/String;Z)Ljava/lang/Class; (122 bytes) @ 0x00000000038341a0 [0x0000000003833180+0x1020]
J 494 C1 java.lang.ClassLoader.loadClass(Ljava/lang/String;)Ljava/lang/Class; (7 bytes) @ 0x0000000003525c4c [0x0000000003525b40+0x10c]
v  ~StubRoutines::call_stub
j  org.gradle.internal.Actions.<clinit>()V+0
v  ~StubRoutines::call_stub
j  org.gradle.api.internal.BuildDefinition.fromStartParameter(Lorg/gradle/StartParameter;Lorg/gradle/internal/build/PublicBuildPath;)Lorg/gradle/api/internal/BuildDefinition;+10
j  org.gradle.launcher.exec.InProcessBuildActionExecuter.execute(Lorg/gradle/internal/invocation/BuildAction;Lorg/gradle/launcher/exec/BuildActionParameters;Lorg/gradle/internal/buildtree/BuildTreeContext;)Lorg/gradle/launcher/exec/BuildActionResult;+20
j  org.gradle.launcher.exec.InProcessBuildActionExecuter.execute(Lorg/gradle/internal/invocation/BuildAction;Ljava/lang/Object;Ljava/lang/Object;)Lorg/gradle/launcher/exec/BuildActionResult;+10
j  org.gradle.launcher.exec.BuildTreeScopeLifecycleBuildActionExecuter.lambda$execute$0(Lorg/gradle/internal/invocation/BuildAction;Lorg/gradle/launcher/exec/BuildActionParameters;Lorg/gradle/internal/buildtree/BuildTreeContext;)Lorg/gradle/launcher/exec/BuildActionResult;+19
j  org.gradle.launcher.exec.BuildTreeScopeLifecycleBuildActionExecuter$$Lambda$20.apply(Ljava/lang/Object;)Ljava/lang/Object;+12
j  org.gradle.internal.buildtree.BuildTreeState.run(Ljava/util/function/Function;)Ljava/lang/Object;+7
j  org.gradle.launcher.exec.BuildTreeScopeLifecycleBuildActionExecuter.execute(Lorg/gradle/internal/invocation/BuildAction;Lorg/gradle/launcher/exec/BuildActionParameters;Lorg/gradle/internal/session/BuildSessionContext;)Lorg/gradle/launcher/exec/BuildActionResult;+46
j  org.gradle.launcher.exec.BuildTreeScopeLifecycleBuildActionExecuter.execute(Lorg/gradle/internal/invocation/BuildAction;Ljava/lang/Object;Ljava/lang/Object;)Lorg/gradle/launcher/exec/BuildActionResult;+10
j  org.gradle.tooling.internal.provider.ContinuousBuildActionExecuter.execute(Lorg/gradle/internal/invocation/BuildAction;Lorg/gradle/launcher/exec/BuildActionParameters;Lorg/gradle/internal/session/BuildSessionContext;)Lorg/gradle/launcher/exec/BuildActionResult;+59
j  org.gradle.tooling.internal.provider.ContinuousBuildActionExecuter.execute(Lorg/gradle/internal/invocation/BuildAction;Ljava/lang/Object;Ljava/lang/Object;)Lorg/gradle/launcher/exec/BuildActionResult;+10
j  org.gradle.tooling.internal.provider.SubscribableBuildActionExecuter.execute(Lorg/gradle/internal/invocation/BuildAction;Lorg/gradle/launcher/exec/BuildActionParameters;Lorg/gradle/internal/session/BuildSessionContext;)Lorg/gradle/launcher/exec/BuildActionResult;+33
j  org.gradle.tooling.internal.provider.SubscribableBuildActionExecuter.execute(Lorg/gradle/internal/invocation/BuildAction;Ljava/lang/Object;Ljava/lang/Object;)Lorg/gradle/launcher/exec/BuildActionResult;+10
j  org.gradle.tooling.internal.provider.SessionScopeLifecycleBuildActionExecuter.lambda$execute$0(Lorg/gradle/internal/invocation/BuildAction;Lorg/gradle/launcher/exec/BuildActionParameters;Lorg/gradle/internal/session/BuildSessionContext;)Lorg/gradle/launcher/exec/BuildActionResult;+52
j  org.gradle.tooling.internal.provider.SessionScopeLifecycleBuildActionExecuter$$Lambda$14.apply(Ljava/lang/Object;)Ljava/lang/Object;+12
j  org.gradle.internal.session.BuildSessionState.run(Ljava/util/function/Function;)Ljava/lang/Object;+9
j  org.gradle.tooling.internal.provider.SessionScopeLifecycleBuildActionExecuter.execute(Lorg/gradle/internal/invocation/BuildAction;Lorg/gradle/launcher/exec/BuildActionParameters;Lorg/gradle/initialization/BuildRequestContext;)Lorg/gradle/launcher/exec/BuildActionResult;+74
j  org.gradle.tooling.internal.provider.SessionScopeLifecycleBuildActionExecuter.execute(Lorg/gradle/internal/invocation/BuildAction;Ljava/lang/Object;Ljava/lang/Object;)Lorg/gradle/launcher/exec/BuildActionResult;+10
j  org.gradle.tooling.internal.provider.GradleThreadBuildActionExecuter.execute(Lorg/gradle/internal/invocation/BuildAction;Lorg/gradle/launcher/exec/BuildActionParameters;Lorg/gradle/initialization/BuildRequestContext;)Lorg/gradle/launcher/exec/BuildActionResult;+10
j  org.gradle.tooling.internal.provider.GradleThreadBuildActionExecuter.execute(Lorg/gradle/internal/invocation/BuildAction;Ljava/lang/Object;Ljava/lang/Object;)Lorg/gradle/launcher/exec/BuildActionResult;+10
j  org.gradle.tooling.internal.provider.StartParamsValidatingActionExecuter.execute(Lorg/gradle/internal/invocation/BuildAction;Lorg/gradle/launcher/exec/BuildActionParameters;Lorg/gradle/initialization/BuildRequestContext;)Lorg/gradle/launcher/exec/BuildActionResult;+175
j  org.gradle.tooling.internal.provider.StartParamsValidatingActionExecuter.execute(Lorg/gradle/internal/invocation/BuildAction;Ljava/lang/Object;Ljava/lang/Object;)Lorg/gradle/launcher/exec/BuildActionResult;+10
j  org.gradle.tooling.internal.provider.SessionFailureReportingActionExecuter.execute(Lorg/gradle/internal/invocation/BuildAction;Lorg/gradle/launcher/exec/BuildActionParameters;Lorg/gradle/initialization/BuildRequestContext;)Lorg/gradle/launcher/exec/BuildActionResult;+7
j  org.gradle.tooling.internal.provider.SessionFailureReportingActionExecuter.execute(Lorg/gradle/internal/invocation/BuildAction;Ljava/lang/Object;Ljava/lang/Object;)Lorg/gradle/launcher/exec/BuildActionResult;+10
j  org.gradle.tooling.internal.provider.SetupLoggingActionExecuter.execute(Lorg/gradle/internal/invocation/BuildAction;Lorg/gradle/launcher/exec/BuildActionParameters;Lorg/gradle/initialization/BuildRequestContext;)Lorg/gradle/launcher/exec/BuildActionResult;+50
j  org.gradle.tooling.internal.provider.SetupLoggingActionExecuter.execute(Lorg/gradle/internal/invocation/BuildAction;Ljava/lang/Object;Ljava/lang/Object;)Lorg/gradle/launcher/exec/BuildActionResult;+10
j  org.gradle.launcher.daemon.server.exec.ExecuteBuild.doBuild(Lorg/gradle/launcher/daemon/server/api/DaemonCommandExecution;Lorg/gradle/launcher/daemon/protocol/Build;)V+114
j  org.gradle.launcher.daemon.server.exec.BuildCommandOnly.execute(Lorg/gradle/launcher/daemon/server/api/DaemonCommandExecution;)V+49
j  org.gradle.launcher.daemon.server.api.DaemonCommandExecution.proceed()Z+23
j  org.gradle.launcher.daemon.server.exec.WatchForDisconnection.execute(Lorg/gradle/launcher/daemon/server/api/DaemonCommandExecution;)V+19
j  org.gradle.launcher.daemon.server.api.DaemonCommandExecution.proceed()Z+23
j  org.gradle.launcher.daemon.server.exec.ResetDeprecationLogger.execute(Lorg/gradle/launcher/daemon/server/api/DaemonCommandExecution;)V+7
j  org.gradle.launcher.daemon.server.api.DaemonCommandExecution.proceed()Z+23
j  org.gradle.launcher.daemon.server.exec.RequestStopIfSingleUsedDaemon.execute(Lorg/gradle/launcher/daemon/server/api/DaemonCommandExecution;)V+33
j  org.gradle.launcher.daemon.server.api.DaemonCommandExecution.proceed()Z+23
j  org.gradle.launcher.daemon.server.exec.ForwardClientInput$2.create()Ljava/lang/Void;+4
j  org.gradle.launcher.daemon.server.exec.ForwardClientInput$2.create()Ljava/lang/Object;+1
j  org.gradle.util.Swapper.swap(Ljava/lang/Object;Lorg/gradle/internal/Factory;)Ljava/lang/Object;+21
j  org.gradle.launcher.daemon.server.exec.ForwardClientInput.execute(Lorg/gradle/launcher/daemon/server/api/DaemonCommandExecution;)V+63
j  org.gradle.launcher.daemon.server.api.DaemonCommandExecution.proceed()Z+23
j  org.gradle.launcher.daemon.server.exec.LogAndCheckHealth.execute(Lorg/gradle/launcher/daemon/server/api/DaemonCommandExecution;)V+28
j  org.gradle.launcher.daemon.server.api.DaemonCommandExecution.proceed()Z+23
j  org.gradle.launcher.daemon.server.exec.LogToClient.doBuild(Lorg/gradle/launcher/daemon/server/api/DaemonCommandExecution;Lorg/gradle/launcher/daemon/protocol/Build;)V+87
j  org.gradle.launcher.daemon.server.exec.BuildCommandOnly.execute(Lorg/gradle/launcher/daemon/server/api/DaemonCommandExecution;)V+49
j  org.gradle.launcher.daemon.server.api.DaemonCommandExecution.proceed()Z+23
j  org.gradle.launcher.daemon.server.exec.EstablishBuildEnvironment.doBuild(Lorg/gradle/launcher/daemon/server/api/DaemonCommandExecution;Lorg/gradle/launcher/daemon/protocol/Build;)V+356
j  org.gradle.launcher.daemon.server.exec.BuildCommandOnly.execute(Lorg/gradle/launcher/daemon/server/api/DaemonCommandExecution;)V+49
j  org.gradle.launcher.daemon.server.api.DaemonCommandExecution.proceed()Z+23
j  org.gradle.launcher.daemon.server.exec.StartBuildOrRespondWithBusy$1.run()V+44
j  org.gradle.launcher.daemon.server.DaemonStateCoordinator$1.run()V+4
j  org.gradle.internal.concurrent.ExecutorPolicy$CatchAndRecordFailures.onExecute(Ljava/lang/Runnable;)V+1
j  org.gradle.internal.concurrent.ManagedExecutorImpl$1.run()V+25
j  java.util.concurrent.ThreadPoolExecutor.runWorker(Ljava/util/concurrent/ThreadPoolExecutor$Worker;)V+95
j  java.util.concurrent.ThreadPoolExecutor$Worker.run()V+5
j  org.gradle.internal.concurrent.ThreadFactoryImpl$ManagedThreadRunnable.run()V+7
j  java.lang.Thread.run()V+11
v  ~StubRoutines::call_stub

---------------  P R O C E S S  ---------------

Java Threads: ( => current thread )
  0x000000001b41d000 JavaThread "Cache worker for journal cache (C:\Users\YASIR RAZA\.gradle\caches\journal-1)" [_thread_blocked, id=8516, stack(0x000000001dec0000,0x000000001dfc0000)]
  0x000000001b41b800 JavaThread "File lock request listener" [_thread_in_native, id=10156, stack(0x000000001ddc0000,0x000000001dec0000)]
  0x000000001a8ea800 JavaThread "Cache worker for file hash cache (C:\Users\YASIR RAZA\.gradle\caches\6.7.1\fileHashes)" [_thread_blocked, id=6832, stack(0x000000001dcc0000,0x000000001ddc0000)]
  0x000000001adce800 JavaThread "Thread-9" [_thread_blocked, id=13368, stack(0x000000001d9c0000,0x000000001dac0000)]
  0x000000001adca000 JavaThread "Stdin handler" [_thread_blocked, id=11028, stack(0x000000001d8c0000,0x000000001d9c0000)]
  0x000000001a8ec000 JavaThread "Asynchronous log dispatcher for DefaultDaemonConnection: socket connection from /127.0.0.1:58526 to /127.0.0.1:58527" [_thread_blocked, id=2668, stack(0x000000001d7c0000,0x000000001d8c0000)]
=>0x000000001a8e9800 JavaThread "Daemon worker" [_thread_in_vm, id=13204, stack(0x000000001d6c0000,0x000000001d7c0000)]
  0x000000001b89f800 JavaThread "Cancel handler" [_thread_blocked, id=8964, stack(0x000000001d5c0000,0x000000001d6c0000)]
  0x000000001b786800 JavaThread "Handler for socket connection from /127.0.0.1:58526 to /127.0.0.1:58527" [_thread_in_native, id=7304, stack(0x000000001d4c0000,0x000000001d5c0000)]
  0x000000001b6b1800 JavaThread "Daemon" [_thread_blocked, id=10460, stack(0x000000001d1c0000,0x000000001d2c0000)]
  0x000000001a8d4000 JavaThread "Daemon periodic checks" [_thread_blocked, id=13332, stack(0x000000001d0c0000,0x000000001d1c0000)]
  0x000000001b7ab000 JavaThread "Incoming local TCP Connector on port 58526" [_thread_in_native, id=8492, stack(0x000000001ce80000,0x000000001cf80000)]
  0x000000001b92d000 JavaThread "Daemon health stats" [_thread_blocked, id=8, stack(0x000000001c840000,0x000000001c940000)]
  0x00000000198ca800 JavaThread "Service Thread" daemon [_thread_blocked, id=14104, stack(0x0000000019ca0000,0x0000000019da0000)]
  0x0000000017f36800 JavaThread "C1 CompilerThread2" daemon [_thread_blocked, id=13588, stack(0x00000000197a0000,0x00000000198a0000)]
  0x0000000017f2f800 JavaThread "C2 CompilerThread1" daemon [_thread_in_native, id=13516, stack(0x00000000196a0000,0x00000000197a0000)]
  0x0000000017f27000 JavaThread "C2 CompilerThread0" daemon [_thread_in_native, id=7536, stack(0x00000000195a0000,0x00000000196a0000)]
  0x0000000017f24800 JavaThread "Attach Listener" daemon [_thread_blocked, id=7340, stack(0x00000000194a0000,0x00000000195a0000)]
  0x0000000017f23800 JavaThread "Signal Dispatcher" daemon [_thread_blocked, id=7492, stack(0x00000000193a0000,0x00000000194a0000)]
  0x00000000032fc000 JavaThread "Finalizer" daemon [_thread_blocked, id=11172, stack(0x00000000191a0000,0x00000000192a0000)]
  0x0000000017f09000 JavaThread "Reference Handler" daemon [_thread_blocked, id=10316, stack(0x00000000190a0000,0x00000000191a0000)]
  0x00000000031fe800 JavaThread "main" [_thread_blocked, id=5768, stack(0x0000000003030000,0x0000000003130000)]

Other Threads:
  0x0000000017ee6800 VMThread [stack: 0x0000000018fa0000,0x00000000190a0000] [id=12736]
  0x00000000198cb800 WatcherThread [stack: 0x0000000019da0000,0x0000000019ea0000] [id=13608]

VM state:not at safepoint (normal execution)

VM Mutex/Monitor currently owned by a thread: None

heap address: 0x0000000080000000, size: 2048 MB, Compressed Oops mode: 32-bit
Narrow klass base: 0x0000000000000000, Narrow klass shift: 3
Compressed class space size: 1073741824 Address: 0x0000000100000000

Heap:
 PSYoungGen      total 38400K, used 23644K [0x00000000d5580000, 0x00000000da080000, 0x0000000100000000)
  eden space 33280K, 55% used [0x00000000d5580000,0x00000000d679b008,0x00000000d7600000)
  from space 5120K, 99% used [0x00000000d7b00000,0x00000000d7ffc030,0x00000000d8000000)
  to   space 5120K, 0% used [0x00000000d7600000,0x00000000d7600000,0x00000000d7b00000)
 ParOldGen       total 87552K, used 3003K [0x0000000080000000, 0x0000000085580000, 0x00000000d5580000)
  object space 87552K, 3% used [0x0000000080000000,0x00000000802eec10,0x0000000085580000)
 Metaspace       used 16224K, capacity 16786K, committed 17152K, reserved 1064960K
  class space    used 2255K, capacity 2447K, committed 2560K, reserved 1048576K

Card table byte_map: [0x00000000126c0000,0x0000000012ad0000] byte_map_base: 0x00000000122c0000

Marking Bits: (ParMarkBitMap*) 0x000000005328f030
 Begin Bits: [0x0000000013180000, 0x0000000015180000)
 End Bits:   [0x0000000015180000, 0x0000000017180000)

Polling page: 0x0000000001340000

CodeCache: size=245760Kb used=5590Kb max_used=5590Kb free=240169Kb
 bounds [0x0000000003300000, 0x0000000003880000, 0x0000000012300000]
 total_blobs=1990 nmethods=1595 adapters=308
 compilation: enabled

Compilation events (10 events):
Event: 4.942 Thread 0x0000000017f2f800 nmethod 1592 0x0000000003876ad0 code [0x0000000003876c20, 0x0000000003876d38]
Event: 4.944 Thread 0x0000000017f36800 1594       1       java.util.TreeMap::access$100 (5 bytes)
Event: 4.944 Thread 0x0000000017f36800 nmethod 1594 0x0000000003872f50 code [0x00000000038730a0, 0x0000000003873190]
Event: 4.949 Thread 0x0000000017f2f800 1595   !   4       java.net.URLClassLoader$1::run (63 bytes)
Event: 4.950 Thread 0x0000000017f36800 1596       3       java.util.Hashtable::<init> (114 bytes)
Event: 4.951 Thread 0x0000000017f36800 nmethod 1596 0x0000000003876e90 code [0x0000000003877180, 0x0000000003878578]
Event: 4.951 Thread 0x0000000017f36800 1597       3       java.util.Properties::loadConvert (505 bytes)
Event: 4.953 Thread 0x0000000017f36800 nmethod 1597 0x0000000003871e10 code [0x0000000003872000, 0x0000000003872918]
Event: 4.953 Thread 0x0000000017f36800 1598       3       java.util.concurrent.locks.AbstractQueuedSynchronizer::release (33 bytes)
Event: 4.954 Thread 0x0000000017f36800 nmethod 1598 0x0000000003876550 code [0x00000000038766c0, 0x00000000038769d8]

GC Heap History (8 events):
Event: 1.515 GC heap before
{Heap before GC invocations=1 (full 0):
 PSYoungGen      total 38400K, used 33280K [0x00000000d5580000, 0x00000000d8000000, 0x0000000100000000)
  eden space 33280K, 100% used [0x00000000d5580000,0x00000000d7600000,0x00000000d7600000)
  from space 5120K, 0% used [0x00000000d7b00000,0x00000000d7b00000,0x00000000d8000000)
  to   space 5120K, 0% used [0x00000000d7600000,0x00000000d7600000,0x00000000d7b00000)
 ParOldGen       total 87552K, used 0K [0x0000000080000000, 0x0000000085580000, 0x00000000d5580000)
  object space 87552K, 0% used [0x0000000080000000,0x0000000080000000,0x0000000085580000)
 Metaspace       used 7214K, capacity 7454K, committed 7680K, reserved 1056768K
  class space    used 889K, capacity 973K, committed 1024K, reserved 1048576K
Event: 1.528 GC heap after
Heap after GC invocations=1 (full 0):
 PSYoungGen      total 38400K, used 4410K [0x00000000d5580000, 0x00000000d8000000, 0x0000000100000000)
  eden space 33280K, 0% used [0x00000000d5580000,0x00000000d5580000,0x00000000d7600000)
  from space 5120K, 86% used [0x00000000d7600000,0x00000000d7a4eb00,0x00000000d7b00000)
  to   space 5120K, 0% used [0x00000000d7b00000,0x00000000d7b00000,0x00000000d8000000)
 ParOldGen       total 87552K, used 8K [0x0000000080000000, 0x0000000085580000, 0x00000000d5580000)
  object space 87552K, 0% used [0x0000000080000000,0x0000000080002000,0x0000000085580000)
 Metaspace       used 7214K, capacity 7454K, committed 7680K, reserved 1056768K
  class space    used 889K, capacity 973K, committed 1024K, reserved 1048576K
}
Event: 2.026 GC heap before
{Heap before GC invocations=2 (full 0):
 PSYoungGen      total 38400K, used 37690K [0x00000000d5580000, 0x00000000d8000000, 0x0000000100000000)
  eden space 33280K, 100% used [0x00000000d5580000,0x00000000d7600000,0x00000000d7600000)
  from space 5120K, 86% used [0x00000000d7600000,0x00000000d7a4eb00,0x00000000d7b00000)
  to   space 5120K, 0% used [0x00000000d7b00000,0x00000000d7b00000,0x00000000d8000000)
 ParOldGen       total 87552K, used 8K [0x0000000080000000, 0x0000000085580000, 0x00000000d5580000)
  object space 87552K, 0% used [0x0000000080000000,0x0000000080002000,0x0000000085580000)
 Metaspace       used 7406K, capacity 7646K, committed 7936K, reserved 1056768K
  class space    used 898K, capacity 973K, committed 1024K, reserved 1048576K
Event: 2.033 GC heap after
Heap after GC invocations=2 (full 0):
 PSYoungGen      total 38400K, used 3329K [0x00000000d5580000, 0x00000000da080000, 0x0000000100000000)
  eden space 33280K, 0% used [0x00000000d5580000,0x00000000d5580000,0x00000000d7600000)
  from space 5120K, 65% used [0x00000000d7b00000,0x00000000d7e405e8,0x00000000d8000000)
  to   space 5120K, 0% used [0x00000000d7600000,0x00000000d7600000,0x00000000d7b00000)
 ParOldGen       total 87552K, used 16K [0x0000000080000000, 0x0000000085580000, 0x00000000d5580000)
  object space 87552K, 0% used [0x0000000080000000,0x0000000080004000,0x0000000085580000)
 Metaspace       used 7406K, capacity 7646K, committed 7936K, reserved 1056768K
  class space    used 898K, capacity 973K, committed 1024K, reserved 1048576K
}
Event: 4.031 GC heap before
{Heap before GC invocations=3 (full 0):
 PSYoungGen      total 38400K, used 36609K [0x00000000d5580000, 0x00000000da080000, 0x0000000100000000)
  eden space 33280K, 100% used [0x00000000d5580000,0x00000000d7600000,0x00000000d7600000)
  from space 5120K, 65% used [0x00000000d7b00000,0x00000000d7e405e8,0x00000000d8000000)
  to   space 5120K, 0% used [0x00000000d7600000,0x00000000d7600000,0x00000000d7b00000)
 ParOldGen       total 87552K, used 16K [0x0000000080000000, 0x0000000085580000, 0x00000000d5580000)
  object space 87552K, 0% used [0x0000000080000000,0x0000000080004000,0x0000000085580000)
 Metaspace       used 11219K, capacity 11554K, committed 11904K, reserved 1058816K
  class space    used 1467K, capacity 1573K, committed 1664K, reserved 1048576K
Event: 4.044 GC heap after
Heap after GC invocations=3 (full 0):
 PSYoungGen      total 38400K, used 5107K [0x00000000d5580000, 0x00000000d8000000, 0x0000000100000000)
  eden space 33280K, 0% used [0x00000000d5580000,0x00000000d5580000,0x00000000d7600000)
  from space 5120K, 99% used [0x00000000d7600000,0x00000000d7afcc90,0x00000000d7b00000)
  to   space 5120K, 0% used [0x00000000d7b00000,0x00000000d7b00000,0x00000000d8000000)
 ParOldGen       total 87552K, used 706K [0x0000000080000000, 0x0000000085580000, 0x00000000d5580000)
  object space 87552K, 0% used [0x0000000080000000,0x00000000800b08b0,0x0000000085580000)
 Metaspace       used 11219K, capacity 11554K, committed 11904K, reserved 1058816K
  class space    used 1467K, capacity 1573K, committed 1664K, reserved 1048576K
}
Event: 4.578 GC heap before
{Heap before GC invocations=4 (full 0):
 PSYoungGen      total 38400K, used 38387K [0x00000000d5580000, 0x00000000d8000000, 0x0000000100000000)
  eden space 33280K, 100% used [0x00000000d5580000,0x00000000d7600000,0x00000000d7600000)
  from space 5120K, 99% used [0x00000000d7600000,0x00000000d7afcc90,0x00000000d7b00000)
  to   space 5120K, 0% used [0x00000000d7b00000,0x00000000d7b00000,0x00000000d8000000)
 ParOldGen       total 87552K, used 706K [0x0000000080000000, 0x0000000085580000, 0x00000000d5580000)
  object space 87552K, 0% used [0x0000000080000000,0x00000000800b08b0,0x0000000085580000)
 Metaspace       used 14189K, capacity 14608K, committed 14720K, reserved 1062912K
  class space    used 1961K, capacity 2090K, committed 2176K, reserved 1048576K
Event: 4.590 GC heap after
Heap after GC invocations=4 (full 0):
 PSYoungGen      total 38400K, used 5104K [0x00000000d5580000, 0x00000000da080000, 0x0000000100000000)
  eden space 33280K, 0% used [0x00000000d5580000,0x00000000d5580000,0x00000000d7600000)
  from space 5120K, 99% used [0x00000000d7b00000,0x00000000d7ffc030,0x00000000d8000000)
  to   space 5120K, 0% used [0x00000000d7600000,0x00000000d7600000,0x00000000d7b00000)
 ParOldGen       total 87552K, used 3003K [0x0000000080000000, 0x0000000085580000, 0x00000000d5580000)
  object space 87552K, 3% used [0x0000000080000000,0x00000000802eec10,0x0000000085580000)
 Metaspace       used 14189K, capacity 14608K, committed 14720K, reserved 1062912K
  class space    used 1961K, capacity 2090K, committed 2176K, reserved 1048576K
}

Deoptimization events (10 events):
Event: 4.110 Thread 0x000000001b786800 Uncommon trap: reason=unstable_if action=reinterpret pc=0x0000000003642758 method=java.lang.String.substring(I)Ljava/lang/String; @ 35
Event: 4.191 Thread 0x000000001a8e9800 Uncommon trap: reason=bimorphic action=maybe_recompile pc=0x00000000035b4794 method=java.util.HashMap.putVal(ILjava/lang/Object;Ljava/lang/Object;ZZ)Ljava/lang/Object; @ 253
Event: 4.191 Thread 0x000000001a8e9800 Uncommon trap: reason=bimorphic action=maybe_recompile pc=0x00000000035b4794 method=java.util.HashMap.putVal(ILjava/lang/Object;Ljava/lang/Object;ZZ)Ljava/lang/Object; @ 253
Event: 4.191 Thread 0x000000001a8e9800 Uncommon trap: reason=bimorphic action=maybe_recompile pc=0x00000000035b4794 method=java.util.HashMap.putVal(ILjava/lang/Object;Ljava/lang/Object;ZZ)Ljava/lang/Object; @ 253
Event: 4.191 Thread 0x000000001a8e9800 Uncommon trap: reason=bimorphic action=maybe_recompile pc=0x00000000035b4794 method=java.util.HashMap.putVal(ILjava/lang/Object;Ljava/lang/Object;ZZ)Ljava/lang/Object; @ 253
Event: 4.626 Thread 0x000000001a8e9800 Uncommon trap: reason=class_check action=maybe_recompile pc=0x000000000366f484 method=java.util.regex.Matcher.match(II)Z @ 86
Event: 4.662 Thread 0x000000001a8e9800 Uncommon trap: reason=class_check action=maybe_recompile pc=0x000000000366f484 method=java.util.regex.Matcher.match(II)Z @ 86
Event: 4.663 Thread 0x000000001a8e9800 Uncommon trap: reason=class_check action=maybe_recompile pc=0x000000000366f484 method=java.util.regex.Matcher.match(II)Z @ 86
Event: 4.663 Thread 0x000000001a8e9800 Uncommon trap: reason=class_check action=maybe_recompile pc=0x00000000034c701c method=java.util.regex.Matcher.match(II)Z @ 86
Event: 4.782 Thread 0x000000001a8e9800 Uncommon trap: reason=unstable_if action=reinterpret pc=0x000000000364c1d8 method=java.io.File.getName()Ljava/lang/String; @ 16

Classes redefined (0 events):
No events

Internal exceptions (10 events):
Event: 4.101 Thread 0x000000001b786800 Exception <a 'java/lang/NoSuchMethodError': <clinit>> (0x00000000d57d5d78) thrown at [C:\src\AOSP-openjdk-git\hotspot\src\share\vm\prims\jni.cpp, line 1615]
Event: 4.104 Thread 0x000000001b786800 Exception <a 'java/lang/NoSuchMethodError': <clinit>> (0x00000000d57ec1b0) thrown at [C:\src\AOSP-openjdk-git\hotspot\src\share\vm\prims\jni.cpp, line 1615]
Event: 4.121 Thread 0x000000001b786800 Exception <a 'java/lang/NoSuchMethodError': <clinit>> (0x00000000d58615b0) thrown at [C:\src\AOSP-openjdk-git\hotspot\src\share\vm\prims\jni.cpp, line 1615]
Event: 4.136 Thread 0x000000001b786800 Exception <a 'java/lang/NoSuchMethodError': <clinit>> (0x00000000d5891250) thrown at [C:\src\AOSP-openjdk-git\hotspot\src\share\vm\prims\jni.cpp, line 1615]
Event: 4.146 Thread 0x000000001b786800 Exception <a 'java/lang/NoSuchMethodError': <clinit>> (0x00000000d58c0078) thrown at [C:\src\AOSP-openjdk-git\hotspot\src\share\vm\prims\jni.cpp, line 1615]
Event: 4.501 Thread 0x000000001a8e9800 Exception <a 'java/lang/NoSuchMethodError': java.lang.Object.lambda$static$0(Lorg/gradle/internal/state/ModelObject;)Ljava/lang/String;> (0x00000000d6cc5618) thrown at [C:\src\AOSP-openjdk-git\hotspot\src\share\vm\interpreter\linkResolver.cpp, line 620]
Event: 4.859 Thread 0x000000001a8e9800 Exception <a 'java/lang/NoSuchMethodError': java.lang.Object.lambda$and$0(Ljava/util/function/Predicate;Ljava/lang/Object;)Z> (0x00000000d6107d10) thrown at [C:\src\AOSP-openjdk-git\hotspot\src\share\vm\interpreter\linkResolver.cpp, line 620]
Event: 4.865 Thread 0x000000001a8e9800 Exception <a 'java/lang/IncompatibleClassChangeError': Found class java.lang.Object, but interface was expected> (0x00000000d61180a0) thrown at [C:\src\AOSP-openjdk-git\hotspot\src\share\vm\interpreter\linkResolver.cpp, line 653]
Event: 4.869 Thread 0x000000001a8e9800 Exception <a 'java/lang/NoSuchMethodError': java.lang.Object.lambda$or$2(Ljava/util/function/Predicate;Ljava/lang/Object;)Z> (0x00000000d611cdd8) thrown at [C:\src\AOSP-openjdk-git\hotspot\src\share\vm\interpreter\linkResolver.cpp, line 620]
Event: 4.926 Thread 0x000000001a8e9800 Exception <a 'java/lang/NoSuchMethodError': java.lang.Object.lambda$comparing$77a9974f$1(Ljava/util/function/Function;Ljava/lang/Object;Ljava/lang/Object;)I> (0x00000000d64c1360) thrown at [C:\src\AOSP-openjdk-git\hotspot\src\share\vm\interpreter\linkReso

Events (10 events):
Event: 4.991 loading class org/gradle/api/internal/BuildDefinition
Event: 4.991 loading class org/gradle/api/internal/BuildDefinition done
Event: 4.992 loading class org/gradle/plugin/management/internal/PluginRequests
Event: 4.992 loading class org/gradle/plugin/management/internal/PluginRequests done
Event: 4.992 loading class org/gradle/plugin/management/internal/PluginRequests$EmptyPluginRequests
Event: 4.992 loading class org/gradle/plugin/management/internal/PluginRequests$EmptyPluginRequests done
Event: 4.993 loading class org/gradle/internal/Actions
Event: 4.993 loading class org/gradle/internal/Actions done
Event: 4.994 loading class org/gradle/internal/Actions$NullAction
Event: 4.994 loading class org/gradle/internal/Actions$NullAction done


Dynamic libraries:
0x00007ff7916a0000 - 0x00007ff7916d1000 	C:\Program Files\Android\Android Studio\jre\bin\java.exe
0x00007ffbdda10000 - 0x00007ffbddc06000 	C:\WINDOWS\SYSTEM32\ntdll.dll
0x00007ffbdba80000 - 0x00007ffbdbb3d000 	C:\WINDOWS\System32\KERNEL32.DLL
0x00007ffbdb640000 - 0x00007ffbdb908000 	C:\WINDOWS\System32\KERNELBASE.dll
0x00007ffbdd3c0000 - 0x00007ffbdd46c000 	C:\WINDOWS\System32\ADVAPI32.dll
0x00007ffbdd670000 - 0x00007ffbdd70e000 	C:\WINDOWS\System32\msvcrt.dll
0x00007ffbdd570000 - 0x00007ffbdd60b000 	C:\WINDOWS\System32\sechost.dll
0x00007ffbdd220000 - 0x00007ffbdd344000 	C:\WINDOWS\System32\RPCRT4.dll
0x00007ffbdbb50000 - 0x00007ffbdbcf0000 	C:\WINDOWS\System32\USER32.dll
0x00007ffbdba40000 - 0x00007ffbdba62000 	C:\WINDOWS\System32\win32u.dll
0x00007ffbdd540000 - 0x00007ffbdd56a000 	C:\WINDOWS\System32\GDI32.dll
0x00007ffbdb310000 - 0x00007ffbdb419000 	C:\WINDOWS\System32\gdi32full.dll
0x00007ffbdb420000 - 0x00007ffbdb4bd000 	C:\WINDOWS\System32\msvcp_win.dll
0x00007ffbdb540000 - 0x00007ffbdb640000 	C:\WINDOWS\System32\ucrtbase.dll
0x00007ffbca860000 - 0x00007ffbcaafb000 	C:\WINDOWS\WinSxS\amd64_microsoft.windows.common-controls_6595b64144ccf1df_6.0.19041.488_none_ca04af081b815d21\COMCTL32.dll
0x00007ffbdd1f0000 - 0x00007ffbdd220000 	C:\WINDOWS\System32\IMM32.DLL
0x00000000548f0000 - 0x00000000549c2000 	C:\Program Files\Android\Android Studio\jre\jre\bin\msvcr100.dll
0x0000000052ac0000 - 0x000000005330b000 	C:\Program Files\Android\Android Studio\jre\jre\bin\server\jvm.dll
0x00007ffbdbb40000 - 0x00007ffbdbb48000 	C:\WINDOWS\System32\PSAPI.DLL
0x00007ffbb3100000 - 0x00007ffbb3109000 	C:\WINDOWS\SYSTEM32\WSOCK32.dll
0x00007ffbdd350000 - 0x00007ffbdd3bb000 	C:\WINDOWS\System32\WS2_32.dll
0x00007ffbcaea0000 - 0x00007ffbcaec7000 	C:\WINDOWS\SYSTEM32\WINMM.dll
0x00007ffbcac70000 - 0x00007ffbcac7a000 	C:\WINDOWS\SYSTEM32\VERSION.dll
0x00007ffbd8690000 - 0x00007ffbd869f000 	C:\Program Files\Android\Android Studio\jre\jre\bin\verify.dll
0x00007ffbd6940000 - 0x00007ffbd6969000 	C:\Program Files\Android\Android Studio\jre\jre\bin\java.dll
0x00007ffbd4e20000 - 0x00007ffbd4e36000 	C:\Program Files\Android\Android Studio\jre\jre\bin\zip.dll
0x00007ffbdc970000 - 0x00007ffbdd0b1000 	C:\WINDOWS\System32\SHELL32.dll
0x00007ffbd8f20000 - 0x00007ffbd96b5000 	C:\WINDOWS\SYSTEM32\windows.storage.dll
0x00007ffbdc270000 - 0x00007ffbdc5c5000 	C:\WINDOWS\System32\combase.dll
0x00007ffbdaae0000 - 0x00007ffbdab0c000 	C:\WINDOWS\SYSTEM32\Wldp.dll
0x00007ffbdd920000 - 0x00007ffbdd9ce000 	C:\WINDOWS\System32\SHCORE.dll
0x00007ffbdc630000 - 0x00007ffbdc685000 	C:\WINDOWS\System32\shlwapi.dll
0x00007ffbdb080000 - 0x00007ffbdb0a6000 	C:\WINDOWS\SYSTEM32\profapi.dll
0x00007ffbd4e00000 - 0x00007ffbd4e1a000 	C:\Program Files\Android\Android Studio\jre\jre\bin\net.dll
0x00007ffbda870000 - 0x00007ffbda8da000 	C:\WINDOWS\system32\mswsock.dll
0x00007ffbd4de0000 - 0x00007ffbd4df3000 	C:\Program Files\Android\Android Studio\jre\jre\bin\nio.dll
0x00007ffbd4da0000 - 0x00007ffbd4dc7000 	C:\Users\YASIR RAZA\.gradle\native\fdc75f09e3144964f2cf3f50f0aa648679c211496f362492102eb8c894070792\windows-amd64\native-platform.dll
0x00007ffbbf230000 - 0x00007ffbbf3c6000 	C:\Users\YASIR RAZA\.gradle\native\12488b8bf47d2d4c9fbf2f6322a914ad602e24e48041cd04a747c6da556b65c4\windows-amd64\native-platform-file-events.dll
0x00007ffbd86a0000 - 0x00007ffbd86ad000 	C:\Program Files\Android\Android Studio\jre\jre\bin\management.dll
0x00007ffbdaa40000 - 0x00007ffbdaa58000 	C:\WINDOWS\SYSTEM32\CRYPTSP.dll
0x00007ffbda200000 - 0x00007ffbda234000 	C:\WINDOWS\system32\rsaenh.dll
0x00007ffbdba10000 - 0x00007ffbdba37000 	C:\WINDOWS\System32\bcrypt.dll
0x00007ffbdb040000 - 0x00007ffbdb06e000 	C:\WINDOWS\SYSTEM32\USERENV.dll
0x00007ffbdb4c0000 - 0x00007ffbdb53f000 	C:\WINDOWS\System32\bcryptprimitives.dll
0x00007ffbdaff0000 - 0x00007ffbdaffc000 	C:\WINDOWS\SYSTEM32\CRYPTBASE.dll
0x00007ffbda560000 - 0x00007ffbda59b000 	C:\WINDOWS\SYSTEM32\IPHLPAPI.DLL
0x00007ffbdba70000 - 0x00007ffbdba78000 	C:\WINDOWS\System32\NSI.dll
0x00007ffbcd200000 - 0x00007ffbcd217000 	C:\WINDOWS\SYSTEM32\dhcpcsvc6.DLL
0x00007ffbcd710000 - 0x00007ffbcd72d000 	C:\WINDOWS\SYSTEM32\dhcpcsvc.DLL
0x00007ffbda5a0000 - 0x00007ffbda66b000 	C:\WINDOWS\SYSTEM32\DNSAPI.dll
0x00007ffbcd8f0000 - 0x00007ffbcd8fb000 	C:\WINDOWS\SYSTEM32\WINNSI.DLL

VM Arguments:
jvm_args: -Xmx2048m -Dfile.encoding=UTF-8 -Duser.country=US -Duser.language=en -Duser.variant 
java_command: org.gradle.launcher.daemon.bootstrap.GradleDaemon 6.7.1
java_class_path (initial): C:\Users\YASIR RAZA\.gradle\wrapper\dists\gradle-6.7.1-bin\bwlcbys1h7rz3272sye1xwiv6\gradle-6.7.1\lib\gradle-launcher-6.7.1.jar
Launcher Type: SUN_STANDARD

Environment Variables:
PATH=C:\ProgramData\Oracle\Java\javapath;C:\Windows\system32;C:\Windows;C:\Windows\System32\Wbem;C:\Windows\System32\WindowsPowerShell\v1.0\;C:\Users\YASIR RAZA\AppData\Local\Microsoft\WindowsApps;C:\adb;C:\WINDOWS\system32;C:\WINDOWS;C:\WINDOWS\System32\Wbem;C:\WINDOWS\System32\WindowsPowerShell\v1.0\;C:\WINDOWS\System32\OpenSSH\;C:\Program Files\Java\jre1.8.0_211\bin;C:\Program Files\Git\cmd;C:\Users\YASIR RAZA\AppData\Local\Microsoft\WindowsApps;C:\Program Files\JetBrains\PyCharm Community Edition 2019.1.2\bin;C:\Users\YASIR RAZA\AppData\Local\GitHubDesktop\bin;C:\Users\YASIR RAZA\AppData\Local\Microsoft\WindowsApps;C:\Program Files\JetBrains\IntelliJ IDEA Educational Edition 2020.1\bin;;C:\src\flutter\bin
USERNAME=bingJunior
OS=Windows_NT
PROCESSOR_IDENTIFIER=Intel64 Family 6 Model 61 Stepping 4, GenuineIntel



---------------  S Y S T E M  ---------------

OS: Windows 10.0 , 64 bit Build 19041 (10.0.19041.546)

CPU:total 4 (initial active 4) (2 cores per cpu, 2 threads per core) family 6 model 61 stepping 4, cmov, cx8, fxsr, mmx, sse, sse2, sse3, ssse3, sse4.1, sse4.2, popcnt, avx, avx2, aes, clmul, erms, 3dnowpref, lzcnt, ht, tsc, tscinvbit, bmi1, bmi2, adx

Memory: 4k page, physical 8296428k(883136k free), swap 12392428k(4100k free)

vm_info: OpenJDK 64-Bit Server VM (25.242-b01) for windows-amd64 JRE (1.8.0_242-release-1644-b01), built by "builder" with MS VC++ 10.0 (VS2010)

time: Mon Dec 07 00:33:21 2020
timezone: India Standard Time
elapsed time: 5 seconds (0d 0h 0m 5s)

